features/location/impl/build/intermediates/manifest_merge_blame_file/debug/processDebugManifest/manifest-merger-blame-debug-report.txt
1<?xml version="1.0" encoding="utf-8"?>
2<!--
3  ~ Copyright (c) 2025 Element Creations Ltd.
4  ~ Copyright 2023 New Vector Ltd.
5  ~
6  ~ SPDX-License-Identifier: AGPL-3.0-only OR LicenseRef-Element-Commercial.
7  ~ Please see LICENSE files in the repository root for full details.
8-->
9<manifest xmlns:android="http://schemas.android.com/apk/res/android"
10    package="io.element.android.features.location.impl" >
11
12    <uses-sdk android:minSdkVersion="24" />
13
14    <uses-permission android:name="android.permission.ACCESS_COARSE_LOCATION" />
14-->src/main/AndroidManifest.xml:10:5-81
14-->src/main/AndroidManifest.xml:10:22-78
15    <uses-permission android:name="android.permission.ACCESS_FINE_LOCATION" />
15-->src/main/AndroidManifest.xml:11:5-79
15-->src/main/AndroidManifest.xml:11:22-76
16
17</manifest>